[INFO][auth.go:30]2020/04/11 14:25:04 [wxe Can not be empty]
[INFO][auth.go:30]2020/04/11 14:26:29 [wxe Can not be empty]
[INFO][auth.go:30]2020/04/11 14:27:41 [wxe Can not be empty]
[INFO][auth.go:30]2020/04/11 14:30:02 [wxe Can not be empty]
[INFO][auth.go:30]2020/04/11 14:44:35 [wxe Can not be empty]
[INFO][auth.go:30]2020/04/11 14:46:00 [qzh Can not be empty]
[INFO][auth.go:30]2020/04/11 14:46:24 [wxe Can not be empty]
[INFO][auth.go:30]2020/04/11 14:47:39 [wxe Can not be empty]
[INFO][auth.go:30]2020/04/11 15:31:56 [wxe Can not be empty]
[INFO][auth.go:30]2020/04/11 15:34:23 [wxe Can not be empty]
[INFO][auth.go:30]2020/04/11 15:36:49 [wxe Can not be empty]
[INFO][auth.go:30]2020/04/11 15:37:52 [we Can not be empty]
[INFO][auth.go:30]2020/04/11 15:37:57 [weww Can not be empty]
[INFO][auth.go:30]2020/04/11 15:48:24 [weww Can not be empty]
[INFO][auth.go:31]2020/04/11 15:58:40 [qzh Can not be empty]
[INFO][auth.go:17]2020/04/11 16:42:27 [ Can not be empty]
[INFO][auth.go:17]2020/04/11 16:42:55 [ Can not be empty]
[INFO][auth.go:17]2020/04/11 16:43:40 [ Can not be empty]
[INFO][auth.go:17]2020/04/11 16:46:44 [ Can not be empty]
[INFO][auth.go:17]2020/04/11 17:01:20 [ Can not be empty]
[INFO][auth.go:17]2020/04/11 17:01:45 [ Can not be empty]
[INFO][auth.go:17]2020/04/11 17:03:04 [ Can not be empty]
[INFO][auth.go:17]2020/04/11 17:03:18 [ Can not be empty]
