2020/05/11 12:31:30 sqlE:/GoProject/goods/models/admin.go:840.8947msSELECT * FROM `goods`  WHERE `goods`.`deleted_at` IS NULL AND ((state=?)) LIMIT 5 OFFSET 0[1] 1
2020/05/11 12:31:30 sqlE:/GoProject/goods/models/admin.go:1412.1981msSELECT count(*) FROM `goods`  WHERE `goods`.`deleted_at` IS NULL[] 0
2020/05/11 12:39:59 sqlE:/GoProject/goods/models/admin.go:828.1399msSELECT * FROM `goods`  WHERE `goods`.`deleted_at` IS NULL AND ((state=?)) LIMIT 5 OFFSET 0[1] 2
2020/05/11 12:39:59 sqlE:/GoProject/goods/models/admin.go:2127.5538msSELECT count(*) FROM `goods`  WHERE `goods`.`deleted_at` IS NULL AND ((state=?))[1] 0
2020/05/11 12:40:45 sqlE:/GoProject/goods/models/admin.go:1527.7msSELECT * FROM `goods`  WHERE `goods`.`deleted_at` IS NULL AND ((state=?)) LIMIT 5 OFFSET 0[1] 2
2020/05/11 12:40:47 sqlE:/GoProject/goods/models/admin.go:2827.3113msSELECT count(*) FROM `goods`  WHERE `goods`.`deleted_at` IS NULL AND ((state=?))[0] 0
2020/05/11 12:40:57 sqlE:/GoProject/goods/models/admin.go:1528.8467msSELECT * FROM `goods`  WHERE `goods`.`deleted_at` IS NULL AND ((state=?)) LIMIT 5 OFFSET 0[1] 2
2020/05/11 12:40:57 sqlE:/GoProject/goods/models/admin.go:2827.2898msSELECT count(*) FROM `goods`  WHERE `goods`.`deleted_at` IS NULL AND ((state=?))[0] 0
2020/05/11 12:41:35 sqlE:/GoProject/goods/models/admin.go:1525.9343msSELECT * FROM `goods`  WHERE `goods`.`deleted_at` IS NULL AND ((state=?)) LIMIT 5 OFFSET 0[0] 0
2020/05/11 12:41:35 sqlE:/GoProject/goods/models/admin.go:2824.5874msSELECT count(*) FROM `goods`  WHERE `goods`.`deleted_at` IS NULL AND ((state=?))[0] 0
2020/05/11 12:43:27 sqlE:/GoProject/goods/models/goods.go:11023.9446msSELECT * FROM `goods`  WHERE `goods`.`deleted_at` IS NULL AND ((goods_id=?)) LIMIT 1[7] 1
2020/05/11 12:43:27 sqlE:/GoProject/goods/models/goods.go:11024.7713msUPDATE `goods` SET `state` = ?  WHERE `goods`.`deleted_at` IS NULL AND ((goods_id=?))[0 7] 1
2020/05/11 13:06:24 sqlE:/GoProject/goods/models/admin.go:3628.9152msSELECT * FROM `order`  WHERE `order`.`deleted_at` IS NULL AND ((state=?)) LIMIT 5 OFFSET 0[1] 1
2020/05/11 13:06:24 sqlE:/GoProject/goods/models/admin.go:4323.9324msSELECT count(*) FROM `order`  WHERE `order`.`deleted_at` IS NULL AND ((state=?))[1] 0
2020/05/11 13:07:37 sqlE:/GoProject/goods/models/admin.go:5026.9559msSELECT * FROM `order`  WHERE `order`.`deleted_at` IS NULL AND ((state=?)) LIMIT 5 OFFSET 0[2] 1
2020/05/11 13:07:38 sqlE:/GoProject/goods/models/admin.go:5724.9055msSELECT count(*) FROM `order`  WHERE `order`.`deleted_at` IS NULL AND ((state=?))[2] 0
2020/05/11 13:07:51 sqlE:/GoProject/goods/models/admin.go:6427.5674msSELECT * FROM `order`  WHERE `order`.`deleted_at` IS NULL AND ((state=?)) LIMIT 5 OFFSET 0[3] 1
2020/05/11 13:07:51 sqlE:/GoProject/goods/models/admin.go:7124.8133msSELECT count(*) FROM `order`  WHERE `order`.`deleted_at` IS NULL AND ((state=?))[3] 0
2020/05/11 13:09:04 sqlE:/GoProject/goods/models/admin.go:7826.17msSELECT * FROM `order`  WHERE `order`.`deleted_at` IS NULL AND ((order_id=?)) LIMIT 1[5] 1
2020/05/11 13:09:04 sqlE:/GoProject/goods/models/admin.go:7824.0752msUPDATE `order` SET `state` = ?  WHERE `order`.`deleted_at` IS NULL AND ((order_id=?))[1 5] 1
2020/05/11 13:09:09 sqlE:/GoProject/goods/models/admin.go:3624.5206msSELECT * FROM `order`  WHERE `order`.`deleted_at` IS NULL AND ((state=?)) LIMIT 5 OFFSET 0[1] 2
2020/05/11 13:09:09 sqlE:/GoProject/goods/models/admin.go:4324.3235msSELECT count(*) FROM `order`  WHERE `order`.`deleted_at` IS NULL AND ((state=?))[1] 0
2020/05/11 13:31:57 sqlE:/GoProject/goods/models/admin.go:9827.8195msSELECT * FROM `distribution`  WHERE `distribution`.`deleted_at` IS NULL AND ((state=?)) LIMIT 5 OFFSET 0[0] 0
2020/05/11 13:31:57 sqlE:/GoProject/goods/models/admin.go:10525.2104msSELECT count(*) FROM `distribution`  WHERE `distribution`.`deleted_at` IS NULL AND ((state=?))[0] 0
2020/05/11 13:32:00 sqlE:/GoProject/goods/models/admin.go:8425.0586msSELECT * FROM `distribution`  WHERE `distribution`.`deleted_at` IS NULL AND ((state=?)) LIMIT 5 OFFSET 0[1] 2
2020/05/11 13:32:00 sqlE:/GoProject/goods/models/admin.go:9124.9086msSELECT count(*) FROM `distribution`  WHERE `distribution`.`deleted_at` IS NULL AND ((state=?))[1] 0
2020/05/11 13:33:00 sqlE:/GoProject/goods/models/admin.go:11226.7523msSELECT * FROM `distribution`  WHERE `distribution`.`deleted_at` IS NULL AND ((distribution_id=?)) LIMIT 1[0] 0
2020/05/11 13:33:04 sqlE:/GoProject/goods/models/admin.go:9826.8034msSELECT * FROM `distribution`  WHERE `distribution`.`deleted_at` IS NULL AND ((state=?)) LIMIT 5 OFFSET 0[0] 0
2020/05/11 13:33:04 sqlE:/GoProject/goods/models/admin.go:10525.4894msSELECT count(*) FROM `distribution`  WHERE `distribution`.`deleted_at` IS NULL AND ((state=?))[0] 0
2020/05/11 13:33:06 sqlE:/GoProject/goods/models/admin.go:9851.3992msSELECT * FROM `distribution`  WHERE `distribution`.`deleted_at` IS NULL AND ((state=?)) LIMIT 5 OFFSET 0[0] 0
2020/05/11 13:33:06 sqlE:/GoProject/goods/models/admin.go:10526.2047msSELECT count(*) FROM `distribution`  WHERE `distribution`.`deleted_at` IS NULL AND ((state=?))[0] 0
2020/05/11 13:37:59 sqlE:/GoProject/goods/models/admin.go:11813.966msSELECT * FROM `login`  WHERE `login`.`deleted_at` IS NULL LIMIT 5 OFFSET 0[] 4
2020/05/11 13:37:59 sqlE:/GoProject/goods/models/admin.go:12411.9644msSELECT count(*) FROM `login`  WHERE `login`.`deleted_at` IS NULL[] 0
2020/05/11 13:55:34 sqlE:/GoProject/goods/models/auth.go:2628.8671msSELECT * FROM `login`  WHERE `login`.`deleted_at` IS NULL AND ((Username=? AND Password=?)) LIMIT 1[wx 123] 1
2020/05/11 13:55:34 sqlE:/GoProject/goods/models/auth.go:4025.1759msSELECT * FROM `login`  WHERE `login`.`deleted_at` IS NULL AND ((Username=? AND Password=?)) LIMIT 1[wx 123] 1
2020/05/11 13:55:35 sqlE:/GoProject/goods/models/auth.go:8224.4472msUPDATE `login` SET `login` = ?  WHERE `login`.`deleted_at` IS NULL AND ((user_id=?))[True 7] 0
2020/05/11 13:55:35 sqlE:/GoProject/goods/models/auth.go:8325.3916msUPDATE `login` SET `last_time` = ?  WHERE `login`.`deleted_at` IS NULL AND ((user_id=?))[2020-05-11 13:55:35.0223891 +0800 CST m=+79.129174601 7] 1
2020/05/11 13:55:35 sqlE:/GoProject/goods/models/auth.go:4625.1273msSELECT * FROM `login`  WHERE `login`.`deleted_at` IS NULL AND ((Username=? AND Password=?)) LIMIT 1[wx 123] 1
2020/05/11 13:56:12 sqlE:/GoProject/goods/models/goods.go:11625.0052msUPDATE `goods` SET `price` = ?  WHERE `goods`.`deleted_at` IS NULL AND ((goods_id=?))[100 6] 1
2020/05/11 13:56:12 sqlE:/GoProject/goods/models/goods.go:11723.7835msUPDATE `goods` SET `trans_price` = ?  WHERE `goods`.`deleted_at` IS NULL AND ((goods_id=?))[10 6] 1
